2025-02-14 03:55:22,048 [INFO] __main__ - 数据库连接池创建成功
2025-02-14 03:55:22,049 [INFO] __main__ - 数据库管理器初始化完成
2025-02-14 14:37:20,841 [INFO] __main__ - 数据库连接池创建成功
2025-02-14 14:37:20,842 [INFO] __main__ - 数据库管理器初始化完成
2025-02-14 14:46:46,364 [INFO] __main__ - 数据库连接池创建成功
2025-02-14 14:46:46,365 [INFO] __main__ - 数据库管理器初始化完成
2025-02-14 14:55:23,056 [INFO] __main__ - 数据库连接池创建成功
2025-02-14 14:55:23,058 [INFO] __main__ - 数据库管理器初始化完成
2025-02-14 15:00:12,406 [INFO] __main__ - 数据库连接池创建成功
2025-02-14 15:00:12,407 [INFO] __main__ - 数据库管理器初始化完成
2025-02-14 15:03:16,502 [INFO] __main__ - 数据库连接池创建成功
2025-02-14 15:03:16,503 [INFO] __main__ - 数据库管理器初始化完成
2025-02-14 15:03:16,558 [INFO] cell5 - 数据库连接池创建成功
2025-02-14 15:03:16,559 [INFO] cell5 - 数据库管理器初始化完成
2025-02-14 15:03:16,564 [INFO] __main__ - 数据管理器初始化完成
2025-02-14 15:05:41,420 [INFO] __main__ - 数据库连接池创建成功
2025-02-14 15:05:41,420 [INFO] __main__ - 数据库管理器初始化完成
2025-02-14 15:05:41,470 [INFO] __main__ - 数据管理器初始化完成
2025-02-14 15:05:41,489 [INFO] __main__ - 资源监控器初始化完成
2025-02-14 15:05:41,555 [INFO] __main__ - 系统管理器初始化完成
2025-02-14 15:35:03,671 [INFO] __main__ - 数据库连接池创建成功
2025-02-14 15:35:03,672 [INFO] __main__ - 数据库管理器初始化完成
2025-02-14 15:35:03,719 [INFO] __main__ - 数据管理器初始化完成
2025-02-14 15:35:03,740 [INFO] __main__ - 资源监控器初始化完成
2025-02-14 15:35:03,804 [INFO] __main__ - 系统管理器初始化完成
2025-02-14 15:38:30,275 [INFO] __main__ - 数据库连接池创建成功
2025-02-14 15:38:30,276 [INFO] __main__ - 数据库管理器初始化完成
2025-02-14 15:38:30,334 [INFO] __main__ - 数据管理器初始化完成
2025-02-14 15:38:30,350 [INFO] __main__ - 资源监控器初始化完成
2025-02-14 15:38:30,414 [INFO] __main__ - 系统管理器初始化完成
2025-02-14 15:43:43,565 [INFO] __main__ - 数据库连接池创建成功
2025-02-14 15:43:43,566 [INFO] __main__ - 数据库管理器初始化完成
2025-02-14 15:43:43,614 [INFO] __main__ - 数据管理器初始化完成
2025-02-14 15:43:43,629 [INFO] __main__ - 资源监控器初始化完成
2025-02-14 15:43:43,694 [INFO] __main__ - 系统管理器初始化完成
